2019-06-04 17:14:34.614  INFO 25300 --- [http-nio-8080-exec-1] o.a.c.c.C.[Tomcat].[localhost].[/]       : Initializing Spring DispatcherServlet 'dispatcherServlet'
2019-06-04 17:14:34.616  INFO 25300 --- [http-nio-8080-exec-1] o.s.web.servlet.DispatcherServlet        : Initializing Servlet 'dispatcherServlet'
2019-06-04 17:14:34.633  INFO 25300 --- [http-nio-8080-exec-1] o.s.web.servlet.DispatcherServlet        : Completed initialization in 17 ms
2019-06-04 17:14:35.013  INFO 25300 --- [task-1] c.project.utility.service.EmailService   : Sending mail to user: John@gmail.com
2019-06-04 17:14:56.707 ERROR 25300 --- [task-1] c.project.utility.service.EmailService   : Mail not sent. Error=Mail server connection failed; nested exception is com.sun.mail.util.MailConnectException: Couldn't connect to host, port: smtp.gmail.com, 587; timeout -1;
  nested exception is:
	java.net.ConnectException: Connection timed out: connect. Failed messages: com.sun.mail.util.MailConnectException: Couldn't connect to host, port: smtp.gmail.com, 587; timeout -1;
  nested exception is:
	java.net.ConnectException: Connection timed out: connect
2019-06-04 17:14:56.708  INFO 25300 --- [task-1] c.project.utility.service.EmailService   : Mail sent...
2019-06-04 17:15:34.711  INFO 25300 --- [http-nio-8080-exec-2] o.h.h.i.QueryTranslatorFactoryInitiator  : HHH000397: Using ASTQueryTranslatorFactory
2024-03-08 08:43:54.431  INFO 9516 --- [main] c.p.NotificationServiceApplication       : Starting NotificationServiceApplication on MICHAELAJIRI89 with PID 9516 (started by michaelajiri in C:\Users\michaelajiri\Documents\Projects\Java Projects\notification-service)
2024-03-08 08:43:54.442  INFO 9516 --- [main] c.p.NotificationServiceApplication       : No active profile set, falling back to default profiles: default
2024-03-08 08:43:56.292  INFO 9516 --- [main] .s.d.r.c.RepositoryConfigurationDelegate : Bootstrapping Spring Data repositories in DEFAULT mode.
2024-03-08 08:43:56.456  INFO 9516 --- [main] .s.d.r.c.RepositoryConfigurationDelegate : Finished Spring Data repository scanning in 147ms. Found 2 repository interfaces.
2024-03-08 08:43:57.723  INFO 9516 --- [main] trationDelegate$BeanPostProcessorChecker : Bean 'org.springframework.transaction.annotation.ProxyTransactionManagementConfiguration' of type [org.springframework.transaction.annotation.ProxyTransactionManagementConfiguration$$EnhancerBySpringCGLIB$$97a6f84c] is not eligible for getting processed by all BeanPostProcessors (for example: not eligible for auto-proxying)
2024-03-08 08:43:59.437  INFO 9516 --- [main] o.s.b.w.embedded.tomcat.TomcatWebServer  : Tomcat initialized with port(s): 8080 (http)
2024-03-08 08:43:59.516  INFO 9516 --- [main] o.apache.catalina.core.StandardService   : Starting service [Tomcat]
2024-03-08 08:43:59.517  INFO 9516 --- [main] org.apache.catalina.core.StandardEngine  : Starting Servlet Engine: Apache Tomcat/9.0.13
2024-03-08 08:43:59.544  INFO 9516 --- [main] o.a.catalina.core.AprLifecycleListener   : The APR based Apache Tomcat Native library which allows optimal performance in production environments was not found on the java.library.path: [C:\Program Files\Java\jdk-17\bin;C:\Windows\Sun\Java\bin;C:\Windows\system32;C:\Windows;C:\Program Files\Java\jdk-17\bin;C:\Program Files\Java\jdk-11.0.4\bin;C:\Program Files\Java\jdk1.8.0_192\bin;C:\Program Files\Java\jdk-15.0.2\bin;C:\Program Files (x86)\Common Files\Oracle\Java\javapath;C:\Program Files\Common Files\Oracle\Java\javapath;C:\Program Files\MySQL\MySQL Server 5.7\bin;C:\Ruby27-x64\bin;C:\Python27;C:\Windows\system32;C:\Windows;C:\Windows\System32\Wbem;C:\Windows\System32\WindowsPowerShell\v1.0\;C:\Windows\System32\OpenSSH\;C:\Program Files\Amazon\AWSCLIV2\;C:\Users\michaelajiri\AppData\Roaming\nvm;C:\Program Files\nodejs;C:\xampp\php;C:\composer;C:\Users\michaelajiri\apache-maven-3.8.6\bin;C:\Program Files\PuTTY\;C:\Program Files (x86)\Yarn\bin\;C:\Program Files\doctl\;C:\Program Files\doctl\;C:\Program Files (x86)\Groovy\bin;C:\Program Files\Git\cmd;C:\Program Files\Docker\Docker\resources\bin;C:\Program Files\Java\jdk-17\bin;C:\Program Files\Java\jdk-11.0.4\bin;C:\Program Files\Java\jdk1.8.0_192\bin;C:\Program Files\Java\jdk-15.0.2\bin;C:\Users\michaelajiri\gradle-8.2\bin;C:\Program Files\MySQL\MySQL Shell 8.0\bin\;C:\Program Files\MySQL\MySQL Server 5.7\bin;C:\Users\michaelajiri\AppData\Local\Microsoft\WindowsApps;C:\Users\michaelajiri\AppData\Local\GitHubDesktop\bin;C:\Program Files\JetBrains\IntelliJ IDEA Community Edition 2023.2.2\bin;;C:\Users\michaelajiri\AppData\Local\Programs\Microsoft VS Code\bin;C:\Users\michaelajiri\AppData\Roaming\nvm;C:\Program Files\nodejs;C:\Users\michaelajiri\AppData\Roaming\Composer\vendor\bin;C:\Users\michaelajiri\AppData\Local\Yarn\bin;C:\ngrok;;.]
2024-03-08 08:43:59.955  INFO 9516 --- [main] o.a.c.c.C.[Tomcat].[localhost].[/]       : Initializing Spring embedded WebApplicationContext
2024-03-08 08:43:59.956  INFO 9516 --- [main] o.s.web.context.ContextLoader            : Root WebApplicationContext: initialization completed in 5354 ms
2024-03-08 08:44:00.115  INFO 9516 --- [main] com.project.db.DatabaseConfig            : HSQL Database initializing..
2024-03-08 08:44:00.138  INFO 9516 --- [main] o.s.j.d.e.EmbeddedDatabaseFactory        : Starting embedded database: url='jdbc:hsqldb:mem:testdb', username='sa'
2024-03-08 08:44:01.053  INFO 9516 --- [main] o.hibernate.jpa.internal.util.LogHelper  : HHH000204: Processing PersistenceUnitInfo [
	name: default
	...]
2024-03-08 08:44:01.247  INFO 9516 --- [main] org.hibernate.Version                    : HHH000412: Hibernate Core {5.3.7.Final}
2024-03-08 08:44:01.250  INFO 9516 --- [main] org.hibernate.cfg.Environment            : HHH000206: hibernate.properties not found
2024-03-08 08:44:01.704  INFO 9516 --- [main] o.hibernate.annotations.common.Version   : HCANN000001: Hibernate Commons Annotations {5.0.4.Final}
2024-03-08 08:44:02.209  INFO 9516 --- [main] org.hibernate.dialect.Dialect            : HHH000400: Using dialect: org.hibernate.dialect.HSQLDialect
2024-03-08 08:44:03.861  INFO 9516 --- [main] j.LocalContainerEntityManagerFactoryBean : Initialized JPA EntityManagerFactory for persistence unit 'default'
2024-03-08 08:44:05.605  INFO 9516 --- [main] o.s.s.concurrent.ThreadPoolTaskExecutor  : Initializing ExecutorService 'applicationTaskExecutor'
2024-03-08 08:44:05.712  WARN 9516 --- [main] aWebConfiguration$JpaWebMvcConfiguration : spring.jpa.open-in-view is enabled by default. Therefore, database queries may be performed during view rendering. Explicitly configure spring.jpa.open-in-view to disable this warning
2024-03-08 08:44:06.259 ERROR 9516 --- [main] org.apache.catalina.util.LifecycleBase   : Failed to start component [Connector[HTTP/1.1-8080]]

org.apache.catalina.LifecycleException: Protocol handler start failed
	at org.apache.catalina.connector.Connector.startInternal(Connector.java:1001) ~[tomcat-embed-core-9.0.13.jar:9.0.13]
	at org.apache.catalina.util.LifecycleBase.start(LifecycleBase.java:183) ~[tomcat-embed-core-9.0.13.jar:9.0.13]
	at org.apache.catalina.core.StandardService.addConnector(StandardService.java:225) ~[tomcat-embed-core-9.0.13.jar:9.0.13]
	at org.springframework.boot.web.embedded.tomcat.TomcatWebServer.addPreviouslyRemovedConnectors(TomcatWebServer.java:259) ~[spring-boot-2.1.1.RELEASE.jar:2.1.1.RELEASE]
	at org.springframework.boot.web.embedded.tomcat.TomcatWebServer.start(TomcatWebServer.java:197) ~[spring-boot-2.1.1.RELEASE.jar:2.1.1.RELEASE]
	at org.springframework.boot.web.servlet.context.ServletWebServerApplicationContext.startWebServer(ServletWebServerApplicationContext.java:311) ~[spring-boot-2.1.1.RELEASE.jar:2.1.1.RELEASE]
	at org.springframework.boot.web.servlet.context.ServletWebServerApplicationContext.finishRefresh(ServletWebServerApplicationContext.java:164) ~[spring-boot-2.1.1.RELEASE.jar:2.1.1.RELEASE]
	at org.springframework.context.support.AbstractApplicationContext.refresh(AbstractApplicationContext.java:549) ~[spring-context-5.1.3.RELEASE.jar:5.1.3.RELEASE]
	at org.springframework.boot.web.servlet.context.ServletWebServerApplicationContext.refresh(ServletWebServerApplicationContext.java:142) ~[spring-boot-2.1.1.RELEASE.jar:2.1.1.RELEASE]
	at org.springframework.boot.SpringApplication.refresh(SpringApplication.java:775) ~[spring-boot-2.1.1.RELEASE.jar:2.1.1.RELEASE]
	at org.springframework.boot.SpringApplication.refreshContext(SpringApplication.java:397) ~[spring-boot-2.1.1.RELEASE.jar:2.1.1.RELEASE]
	at org.springframework.boot.SpringApplication.run(SpringApplication.java:316) ~[spring-boot-2.1.1.RELEASE.jar:2.1.1.RELEASE]
	at org.springframework.boot.SpringApplication.run(SpringApplication.java:1260) ~[spring-boot-2.1.1.RELEASE.jar:2.1.1.RELEASE]
	at org.springframework.boot.SpringApplication.run(SpringApplication.java:1248) ~[spring-boot-2.1.1.RELEASE.jar:2.1.1.RELEASE]
	at com.project.NotificationServiceApplication.main(NotificationServiceApplication.java:10) ~[classes/:na]
Caused by: java.net.BindException: Address already in use: bind
	at java.base/sun.nio.ch.Net.bind0(Native Method) ~[na:na]
	at java.base/sun.nio.ch.Net.bind(Net.java:555) ~[na:na]
	at java.base/sun.nio.ch.ServerSocketChannelImpl.netBind(ServerSocketChannelImpl.java:337) ~[na:na]
	at java.base/sun.nio.ch.ServerSocketChannelImpl.bind(ServerSocketChannelImpl.java:294) ~[na:na]
	at java.base/sun.nio.ch.ServerSocketAdaptor.bind(ServerSocketAdaptor.java:89) ~[na:na]
	at org.apache.tomcat.util.net.NioEndpoint.initServerSocket(NioEndpoint.java:236) ~[tomcat-embed-core-9.0.13.jar:9.0.13]
	at org.apache.tomcat.util.net.NioEndpoint.bind(NioEndpoint.java:210) ~[tomcat-embed-core-9.0.13.jar:9.0.13]
	at org.apache.tomcat.util.net.AbstractEndpoint.bindWithCleanup(AbstractEndpoint.java:1067) ~[tomcat-embed-core-9.0.13.jar:9.0.13]
	at org.apache.tomcat.util.net.AbstractEndpoint.start(AbstractEndpoint.java:1149) ~[tomcat-embed-core-9.0.13.jar:9.0.13]
	at org.apache.coyote.AbstractProtocol.start(AbstractProtocol.java:561) ~[tomcat-embed-core-9.0.13.jar:9.0.13]
	at org.apache.catalina.connector.Connector.startInternal(Connector.java:998) ~[tomcat-embed-core-9.0.13.jar:9.0.13]
	... 14 common frames omitted

2024-03-08 08:44:06.276  INFO 9516 --- [main] o.apache.catalina.core.StandardService   : Stopping service [Tomcat]
2024-03-08 08:44:06.287 ERROR 9516 --- [main] org.apache.catalina.core.ContainerBase   : A child container failed during stop

java.util.concurrent.ExecutionException: org.apache.catalina.LifecycleException: Failed to stop component [WebappLoader[StandardEngine[Tomcat].StandardHost[localhost].TomcatEmbeddedContext[]]]
	at java.base/java.util.concurrent.FutureTask.report(FutureTask.java:122) ~[na:na]
	at java.base/java.util.concurrent.FutureTask.get(FutureTask.java:191) ~[na:na]
	at org.apache.catalina.core.ContainerBase.stopInternal(ContainerBase.java:1010) ~[tomcat-embed-core-9.0.13.jar:9.0.13]
	at org.apache.catalina.util.LifecycleBase.stop(LifecycleBase.java:257) ~[tomcat-embed-core-9.0.13.jar:9.0.13]
	at org.apache.catalina.core.ContainerBase$StopChild.call(ContainerBase.java:1448) ~[tomcat-embed-core-9.0.13.jar:9.0.13]
	at org.apache.catalina.core.ContainerBase$StopChild.call(ContainerBase.java:1437) ~[tomcat-embed-core-9.0.13.jar:9.0.13]
	at java.base/java.util.concurrent.FutureTask.run(FutureTask.java:264) ~[na:na]
	at org.apache.tomcat.util.threads.InlineExecutorService.execute(InlineExecutorService.java:75) ~[tomcat-embed-core-9.0.13.jar:9.0.13]
	at java.base/java.util.concurrent.AbstractExecutorService.submit(AbstractExecutorService.java:145) ~[na:na]
	at org.apache.catalina.core.ContainerBase.stopInternal(ContainerBase.java:1004) ~[tomcat-embed-core-9.0.13.jar:9.0.13]
	at org.apache.catalina.util.LifecycleBase.stop(LifecycleBase.java:257) ~[tomcat-embed-core-9.0.13.jar:9.0.13]
	at org.apache.catalina.core.StandardService.stopInternal(StandardService.java:474) ~[tomcat-embed-core-9.0.13.jar:9.0.13]
	at org.apache.catalina.util.LifecycleBase.stop(LifecycleBase.java:257) ~[tomcat-embed-core-9.0.13.jar:9.0.13]
	at org.apache.catalina.core.StandardServer.stopInternal(StandardServer.java:822) ~[tomcat-embed-core-9.0.13.jar:9.0.13]
	at org.apache.catalina.util.LifecycleBase.stop(LifecycleBase.java:257) ~[tomcat-embed-core-9.0.13.jar:9.0.13]
	at org.apache.catalina.startup.Tomcat.stop(Tomcat.java:382) ~[tomcat-embed-core-9.0.13.jar:9.0.13]
	at org.springframework.boot.web.embedded.tomcat.TomcatWebServer.stopTomcat(TomcatWebServer.java:250) ~[spring-boot-2.1.1.RELEASE.jar:2.1.1.RELEASE]
	at org.springframework.boot.web.embedded.tomcat.TomcatWebServer.stopSilently(TomcatWebServer.java:238) ~[spring-boot-2.1.1.RELEASE.jar:2.1.1.RELEASE]
	at org.springframework.boot.web.embedded.tomcat.TomcatWebServer.start(TomcatWebServer.java:208) ~[spring-boot-2.1.1.RELEASE.jar:2.1.1.RELEASE]
	at org.springframework.boot.web.servlet.context.ServletWebServerApplicationContext.startWebServer(ServletWebServerApplicationContext.java:311) ~[spring-boot-2.1.1.RELEASE.jar:2.1.1.RELEASE]
	at org.springframework.boot.web.servlet.context.ServletWebServerApplicationContext.finishRefresh(ServletWebServerApplicationContext.java:164) ~[spring-boot-2.1.1.RELEASE.jar:2.1.1.RELEASE]
	at org.springframework.context.support.AbstractApplicationContext.refresh(AbstractApplicationContext.java:549) ~[spring-context-5.1.3.RELEASE.jar:5.1.3.RELEASE]
	at org.springframework.boot.web.servlet.context.ServletWebServerApplicationContext.refresh(ServletWebServerApplicationContext.java:142) ~[spring-boot-2.1.1.RELEASE.jar:2.1.1.RELEASE]
	at org.springframework.boot.SpringApplication.refresh(SpringApplication.java:775) ~[spring-boot-2.1.1.RELEASE.jar:2.1.1.RELEASE]
	at org.springframework.boot.SpringApplication.refreshContext(SpringApplication.java:397) ~[spring-boot-2.1.1.RELEASE.jar:2.1.1.RELEASE]
	at org.springframework.boot.SpringApplication.run(SpringApplication.java:316) ~[spring-boot-2.1.1.RELEASE.jar:2.1.1.RELEASE]
	at org.springframework.boot.SpringApplication.run(SpringApplication.java:1260) ~[spring-boot-2.1.1.RELEASE.jar:2.1.1.RELEASE]
	at org.springframework.boot.SpringApplication.run(SpringApplication.java:1248) ~[spring-boot-2.1.1.RELEASE.jar:2.1.1.RELEASE]
	at com.project.NotificationServiceApplication.main(NotificationServiceApplication.java:10) ~[classes/:na]
Caused by: org.apache.catalina.LifecycleException: Failed to stop component [WebappLoader[StandardEngine[Tomcat].StandardHost[localhost].TomcatEmbeddedContext[]]]
	at org.apache.catalina.util.LifecycleBase.handleSubClassException(LifecycleBase.java:441) ~[tomcat-embed-core-9.0.13.jar:9.0.13]
	at org.apache.catalina.util.LifecycleBase.stop(LifecycleBase.java:267) ~[tomcat-embed-core-9.0.13.jar:9.0.13]
	at org.apache.catalina.core.StandardContext.stopInternal(StandardContext.java:5367) ~[tomcat-embed-core-9.0.13.jar:9.0.13]
	at org.apache.catalina.util.LifecycleBase.stop(LifecycleBase.java:257) ~[tomcat-embed-core-9.0.13.jar:9.0.13]
	at org.apache.catalina.core.ContainerBase$StopChild.call(ContainerBase.java:1448) ~[tomcat-embed-core-9.0.13.jar:9.0.13]
	at org.apache.catalina.core.ContainerBase$StopChild.call(ContainerBase.java:1437) ~[tomcat-embed-core-9.0.13.jar:9.0.13]
	at java.base/java.util.concurrent.FutureTask.run(FutureTask.java:264) ~[na:na]
	at org.apache.tomcat.util.threads.InlineExecutorService.execute(InlineExecutorService.java:75) ~[tomcat-embed-core-9.0.13.jar:9.0.13]
	at java.base/java.util.concurrent.AbstractExecutorService.submit(AbstractExecutorService.java:145) ~[na:na]
	at org.apache.catalina.core.ContainerBase.stopInternal(ContainerBase.java:1004) ~[tomcat-embed-core-9.0.13.jar:9.0.13]
	... 26 common frames omitted
Caused by: java.lang.reflect.InaccessibleObjectException: Unable to make field static final java.util.concurrent.ConcurrentMap java.io.ObjectStreamClass$Caches.localDescs accessible: module java.base does not "opens java.io" to unnamed module @29b5cd00
	at java.base/java.lang.reflect.AccessibleObject.checkCanSetAccessible(AccessibleObject.java:354) ~[na:na]
	at java.base/java.lang.reflect.AccessibleObject.checkCanSetAccessible(AccessibleObject.java:297) ~[na:na]
	at java.base/java.lang.reflect.Field.checkCanSetAccessible(Field.java:178) ~[na:na]
	at java.base/java.lang.reflect.Field.setAccessible(Field.java:172) ~[na:na]
	at org.apache.catalina.loader.WebappClassLoaderBase.clearCache(WebappClassLoaderBase.java:2225) ~[tomcat-embed-core-9.0.13.jar:9.0.13]
	at org.apache.catalina.loader.WebappClassLoaderBase.clearReferencesObjectStreamClassCaches(WebappClassLoaderBase.java:2213) ~[tomcat-embed-core-9.0.13.jar:9.0.13]
	at org.apache.catalina.loader.WebappClassLoaderBase.clearReferences(WebappClassLoaderBase.java:1586) ~[tomcat-embed-core-9.0.13.jar:9.0.13]
	at org.apache.catalina.loader.WebappClassLoaderBase.stop(WebappClassLoaderBase.java:1516) ~[tomcat-embed-core-9.0.13.jar:9.0.13]
	at org.apache.catalina.loader.WebappLoader.stopInternal(WebappLoader.java:442) ~[tomcat-embed-core-9.0.13.jar:9.0.13]
	at org.apache.catalina.util.LifecycleBase.stop(LifecycleBase.java:257) ~[tomcat-embed-core-9.0.13.jar:9.0.13]
	... 34 common frames omitted

2024-03-08 08:44:06.296 ERROR 9516 --- [main] org.apache.catalina.core.ContainerBase   : A child container failed during stop

java.util.concurrent.ExecutionException: org.apache.catalina.LifecycleException: A child container failed during stop
	at java.base/java.util.concurrent.FutureTask.report(FutureTask.java:122) ~[na:na]
	at java.base/java.util.concurrent.FutureTask.get(FutureTask.java:191) ~[na:na]
	at org.apache.catalina.core.ContainerBase.stopInternal(ContainerBase.java:1010) ~[tomcat-embed-core-9.0.13.jar:9.0.13]
	at org.apache.catalina.util.LifecycleBase.stop(LifecycleBase.java:257) ~[tomcat-embed-core-9.0.13.jar:9.0.13]
	at org.apache.catalina.core.StandardService.stopInternal(StandardService.java:474) ~[tomcat-embed-core-9.0.13.jar:9.0.13]
	at org.apache.catalina.util.LifecycleBase.stop(LifecycleBase.java:257) ~[tomcat-embed-core-9.0.13.jar:9.0.13]
	at org.apache.catalina.core.StandardServer.stopInternal(StandardServer.java:822) ~[tomcat-embed-core-9.0.13.jar:9.0.13]
	at org.apache.catalina.util.LifecycleBase.stop(LifecycleBase.java:257) ~[tomcat-embed-core-9.0.13.jar:9.0.13]
	at org.apache.catalina.startup.Tomcat.stop(Tomcat.java:382) ~[tomcat-embed-core-9.0.13.jar:9.0.13]
	at org.springframework.boot.web.embedded.tomcat.TomcatWebServer.stopTomcat(TomcatWebServer.java:250) ~[spring-boot-2.1.1.RELEASE.jar:2.1.1.RELEASE]
	at org.springframework.boot.web.embedded.tomcat.TomcatWebServer.stopSilently(TomcatWebServer.java:238) ~[spring-boot-2.1.1.RELEASE.jar:2.1.1.RELEASE]
	at org.springframework.boot.web.embedded.tomcat.TomcatWebServer.start(TomcatWebServer.java:208) ~[spring-boot-2.1.1.RELEASE.jar:2.1.1.RELEASE]
	at org.springframework.boot.web.servlet.context.ServletWebServerApplicationContext.startWebServer(ServletWebServerApplicationContext.java:311) ~[spring-boot-2.1.1.RELEASE.jar:2.1.1.RELEASE]
	at org.springframework.boot.web.servlet.context.ServletWebServerApplicationContext.finishRefresh(ServletWebServerApplicationContext.java:164) ~[spring-boot-2.1.1.RELEASE.jar:2.1.1.RELEASE]
	at org.springframework.context.support.AbstractApplicationContext.refresh(AbstractApplicationContext.java:549) ~[spring-context-5.1.3.RELEASE.jar:5.1.3.RELEASE]
	at org.springframework.boot.web.servlet.context.ServletWebServerApplicationContext.refresh(ServletWebServerApplicationContext.java:142) ~[spring-boot-2.1.1.RELEASE.jar:2.1.1.RELEASE]
	at org.springframework.boot.SpringApplication.refresh(SpringApplication.java:775) ~[spring-boot-2.1.1.RELEASE.jar:2.1.1.RELEASE]
	at org.springframework.boot.SpringApplication.refreshContext(SpringApplication.java:397) ~[spring-boot-2.1.1.RELEASE.jar:2.1.1.RELEASE]
	at org.springframework.boot.SpringApplication.run(SpringApplication.java:316) ~[spring-boot-2.1.1.RELEASE.jar:2.1.1.RELEASE]
	at org.springframework.boot.SpringApplication.run(SpringApplication.java:1260) ~[spring-boot-2.1.1.RELEASE.jar:2.1.1.RELEASE]
	at org.springframework.boot.SpringApplication.run(SpringApplication.java:1248) ~[spring-boot-2.1.1.RELEASE.jar:2.1.1.RELEASE]
	at com.project.NotificationServiceApplication.main(NotificationServiceApplication.java:10) ~[classes/:na]
Caused by: org.apache.catalina.LifecycleException: A child container failed during stop
	at org.apache.catalina.core.ContainerBase.stopInternal(ContainerBase.java:1018) ~[tomcat-embed-core-9.0.13.jar:9.0.13]
	at org.apache.catalina.util.LifecycleBase.stop(LifecycleBase.java:257) ~[tomcat-embed-core-9.0.13.jar:9.0.13]
	at org.apache.catalina.core.ContainerBase$StopChild.call(ContainerBase.java:1448) ~[tomcat-embed-core-9.0.13.jar:9.0.13]
	at org.apache.catalina.core.ContainerBase$StopChild.call(ContainerBase.java:1437) ~[tomcat-embed-core-9.0.13.jar:9.0.13]
	at java.base/java.util.concurrent.FutureTask.run(FutureTask.java:264) ~[na:na]
	at org.apache.tomcat.util.threads.InlineExecutorService.execute(InlineExecutorService.java:75) ~[tomcat-embed-core-9.0.13.jar:9.0.13]
	at java.base/java.util.concurrent.AbstractExecutorService.submit(AbstractExecutorService.java:145) ~[na:na]
	at org.apache.catalina.core.ContainerBase.stopInternal(ContainerBase.java:1004) ~[tomcat-embed-core-9.0.13.jar:9.0.13]
	... 19 common frames omitted

2024-03-08 08:44:06.303  INFO 9516 --- [main] o.apache.catalina.core.StandardService   : Stopping service [Tomcat]
2024-03-08 08:44:06.315 ERROR 9516 --- [main] org.apache.catalina.core.ContainerBase   : ContainerBase.removeChild: destroy: 

org.apache.catalina.LifecycleException: An invalid Lifecycle transition was attempted ([before_destroy]) for component [org.apache.catalina.webresources.StandardRoot@6d9ee75a] in state [STARTED]
	at org.apache.catalina.util.LifecycleBase.invalidTransition(LifecycleBase.java:431) ~[tomcat-embed-core-9.0.13.jar:9.0.13]
	at org.apache.catalina.util.LifecycleBase.destroy(LifecycleBase.java:317) ~[tomcat-embed-core-9.0.13.jar:9.0.13]
	at org.apache.catalina.core.StandardContext.destroyInternal(StandardContext.java:5449) ~[tomcat-embed-core-9.0.13.jar:9.0.13]
	at org.apache.catalina.util.LifecycleBase.destroy(LifecycleBase.java:322) ~[tomcat-embed-core-9.0.13.jar:9.0.13]
	at org.apache.catalina.core.ContainerBase.removeChild(ContainerBase.java:845) ~[tomcat-embed-core-9.0.13.jar:9.0.13]
	at org.apache.catalina.core.ContainerBase.destroyInternal(ContainerBase.java:1051) ~[tomcat-embed-core-9.0.13.jar:9.0.13]
	at org.apache.catalina.util.LifecycleBase.destroy(LifecycleBase.java:322) ~[tomcat-embed-core-9.0.13.jar:9.0.13]
	at org.apache.catalina.core.ContainerBase.removeChild(ContainerBase.java:845) ~[tomcat-embed-core-9.0.13.jar:9.0.13]
	at org.apache.catalina.core.ContainerBase.destroyInternal(ContainerBase.java:1051) ~[tomcat-embed-core-9.0.13.jar:9.0.13]
	at org.apache.catalina.util.LifecycleBase.destroy(LifecycleBase.java:322) ~[tomcat-embed-core-9.0.13.jar:9.0.13]
	at org.apache.catalina.core.StandardService.destroyInternal(StandardService.java:556) ~[tomcat-embed-core-9.0.13.jar:9.0.13]
	at org.apache.catalina.util.LifecycleBase.destroy(LifecycleBase.java:322) ~[tomcat-embed-core-9.0.13.jar:9.0.13]
	at org.apache.catalina.core.StandardServer.destroyInternal(StandardServer.java:891) ~[tomcat-embed-core-9.0.13.jar:9.0.13]
	at org.apache.catalina.util.LifecycleBase.destroy(LifecycleBase.java:322) ~[tomcat-embed-core-9.0.13.jar:9.0.13]
	at org.apache.catalina.startup.Tomcat.destroy(Tomcat.java:394) ~[tomcat-embed-core-9.0.13.jar:9.0.13]
	at org.springframework.boot.web.embedded.tomcat.TomcatWebServer.stop(TomcatWebServer.java:307) ~[spring-boot-2.1.1.RELEASE.jar:2.1.1.RELEASE]
	at org.springframework.boot.web.servlet.context.ServletWebServerApplicationContext.stopAndReleaseWebServer(ServletWebServerApplicationContext.java:320) ~[spring-boot-2.1.1.RELEASE.jar:2.1.1.RELEASE]
	at org.springframework.boot.web.servlet.context.ServletWebServerApplicationContext.refresh(ServletWebServerApplicationContext.java:145) ~[spring-boot-2.1.1.RELEASE.jar:2.1.1.RELEASE]
	at org.springframework.boot.SpringApplication.refresh(SpringApplication.java:775) ~[spring-boot-2.1.1.RELEASE.jar:2.1.1.RELEASE]
	at org.springframework.boot.SpringApplication.refreshContext(SpringApplication.java:397) ~[spring-boot-2.1.1.RELEASE.jar:2.1.1.RELEASE]
	at org.springframework.boot.SpringApplication.run(SpringApplication.java:316) ~[spring-boot-2.1.1.RELEASE.jar:2.1.1.RELEASE]
	at org.springframework.boot.SpringApplication.run(SpringApplication.java:1260) ~[spring-boot-2.1.1.RELEASE.jar:2.1.1.RELEASE]
	at org.springframework.boot.SpringApplication.run(SpringApplication.java:1248) ~[spring-boot-2.1.1.RELEASE.jar:2.1.1.RELEASE]
	at com.project.NotificationServiceApplication.main(NotificationServiceApplication.java:10) ~[classes/:na]

2024-03-08 08:44:06.323  INFO 9516 --- [main] ConditionEvaluationReportLoggingListener : 

Error starting ApplicationContext. To display the conditions report re-run your application with 'debug' enabled.
2024-03-08 08:44:06.328 ERROR 9516 --- [main] o.s.b.d.LoggingFailureAnalysisReporter   : 

***************************
APPLICATION FAILED TO START
***************************

Description:

The Tomcat connector configured to listen on port 8080 failed to start. The port may already be in use or the connector may be misconfigured.

Action:

Verify the connector's configuration, identify and stop any process that's listening on port 8080, or configure this application to listen on another port.

2024-03-08 08:44:06.334  INFO 9516 --- [main] o.s.s.concurrent.ThreadPoolTaskExecutor  : Shutting down ExecutorService 'applicationTaskExecutor'
2024-03-08 08:44:06.336  INFO 9516 --- [main] j.LocalContainerEntityManagerFactoryBean : Closing JPA EntityManagerFactory for persistence unit 'default'
2024-03-08 08:44:06.339  INFO 9516 --- [main] o.s.j.d.e.EmbeddedDatabaseFactory        : Shutting down embedded database: url='jdbc:hsqldb:mem:testdb'
2024-03-08 08:48:21.163  INFO 17588 --- [main] c.p.NotificationServiceApplication       : Starting NotificationServiceApplication on MICHAELAJIRI89 with PID 17588 (started by michaelajiri in C:\Users\michaelajiri\Documents\Projects\Java Projects\notification-service)
2024-03-08 08:48:21.172  INFO 17588 --- [main] c.p.NotificationServiceApplication       : No active profile set, falling back to default profiles: default
2024-03-08 08:48:24.009  INFO 17588 --- [main] .s.d.r.c.RepositoryConfigurationDelegate : Bootstrapping Spring Data repositories in DEFAULT mode.
2024-03-08 08:48:24.379  INFO 17588 --- [main] .s.d.r.c.RepositoryConfigurationDelegate : Finished Spring Data repository scanning in 334ms. Found 2 repository interfaces.
2024-03-08 08:48:25.908  INFO 17588 --- [main] trationDelegate$BeanPostProcessorChecker : Bean 'org.springframework.transaction.annotation.ProxyTransactionManagementConfiguration' of type [org.springframework.transaction.annotation.ProxyTransactionManagementConfiguration$$EnhancerBySpringCGLIB$$46514daf] is not eligible for getting processed by all BeanPostProcessors (for example: not eligible for auto-proxying)
2024-03-08 08:48:27.400  INFO 17588 --- [main] o.s.b.w.embedded.tomcat.TomcatWebServer  : Tomcat initialized with port(s): 4343 (http)
2024-03-08 08:48:27.491  INFO 17588 --- [main] o.apache.catalina.core.StandardService   : Starting service [Tomcat]
2024-03-08 08:48:27.495  INFO 17588 --- [main] org.apache.catalina.core.StandardEngine  : Starting Servlet Engine: Apache Tomcat/9.0.13
2024-03-08 08:48:27.534  INFO 17588 --- [main] o.a.catalina.core.AprLifecycleListener   : The APR based Apache Tomcat Native library which allows optimal performance in production environments was not found on the java.library.path: [C:\Program Files\Java\jdk-17\bin;C:\Windows\Sun\Java\bin;C:\Windows\system32;C:\Windows;C:\Program Files\Java\jdk-17\bin;C:\Program Files\Java\jdk-11.0.4\bin;C:\Program Files\Java\jdk1.8.0_192\bin;C:\Program Files\Java\jdk-15.0.2\bin;C:\Program Files (x86)\Common Files\Oracle\Java\javapath;C:\Program Files\Common Files\Oracle\Java\javapath;C:\Program Files\MySQL\MySQL Server 5.7\bin;C:\Ruby27-x64\bin;C:\Python27;C:\Windows\system32;C:\Windows;C:\Windows\System32\Wbem;C:\Windows\System32\WindowsPowerShell\v1.0\;C:\Windows\System32\OpenSSH\;C:\Program Files\Amazon\AWSCLIV2\;C:\Users\michaelajiri\AppData\Roaming\nvm;C:\Program Files\nodejs;C:\xampp\php;C:\composer;C:\Users\michaelajiri\apache-maven-3.8.6\bin;C:\Program Files\PuTTY\;C:\Program Files (x86)\Yarn\bin\;C:\Program Files\doctl\;C:\Program Files\doctl\;C:\Program Files (x86)\Groovy\bin;C:\Program Files\Git\cmd;C:\Program Files\Docker\Docker\resources\bin;C:\Program Files\Java\jdk-17\bin;C:\Program Files\Java\jdk-11.0.4\bin;C:\Program Files\Java\jdk1.8.0_192\bin;C:\Program Files\Java\jdk-15.0.2\bin;C:\Users\michaelajiri\gradle-8.2\bin;C:\Program Files\MySQL\MySQL Shell 8.0\bin\;C:\Program Files\MySQL\MySQL Server 5.7\bin;C:\Users\michaelajiri\AppData\Local\Microsoft\WindowsApps;C:\Users\michaelajiri\AppData\Local\GitHubDesktop\bin;C:\Program Files\JetBrains\IntelliJ IDEA Community Edition 2023.2.2\bin;;C:\Users\michaelajiri\AppData\Local\Programs\Microsoft VS Code\bin;C:\Users\michaelajiri\AppData\Roaming\nvm;C:\Program Files\nodejs;C:\Users\michaelajiri\AppData\Roaming\Composer\vendor\bin;C:\Users\michaelajiri\AppData\Local\Yarn\bin;C:\ngrok;;.]
2024-03-08 08:48:28.381  INFO 17588 --- [main] o.a.c.c.C.[Tomcat].[localhost].[/]       : Initializing Spring embedded WebApplicationContext
2024-03-08 08:48:28.384  INFO 17588 --- [main] o.s.web.context.ContextLoader            : Root WebApplicationContext: initialization completed in 6944 ms
2024-03-08 08:48:28.695  INFO 17588 --- [main] com.project.db.DatabaseConfig            : HSQL Database initializing..
2024-03-08 08:48:28.761  INFO 17588 --- [main] o.s.j.d.e.EmbeddedDatabaseFactory        : Starting embedded database: url='jdbc:hsqldb:mem:testdb', username='sa'
2024-03-08 08:48:30.045  INFO 17588 --- [main] o.hibernate.jpa.internal.util.LogHelper  : HHH000204: Processing PersistenceUnitInfo [
	name: default
	...]
2024-03-08 08:48:30.410  INFO 17588 --- [main] org.hibernate.Version                    : HHH000412: Hibernate Core {5.3.7.Final}
2024-03-08 08:48:30.415  INFO 17588 --- [main] org.hibernate.cfg.Environment            : HHH000206: hibernate.properties not found
2024-03-08 08:48:30.948  INFO 17588 --- [main] o.hibernate.annotations.common.Version   : HCANN000001: Hibernate Commons Annotations {5.0.4.Final}
2024-03-08 08:48:31.541  INFO 17588 --- [main] org.hibernate.dialect.Dialect            : HHH000400: Using dialect: org.hibernate.dialect.HSQLDialect
2024-03-08 08:48:34.453  INFO 17588 --- [main] j.LocalContainerEntityManagerFactoryBean : Initialized JPA EntityManagerFactory for persistence unit 'default'
2024-03-08 08:48:37.378  INFO 17588 --- [main] o.s.s.concurrent.ThreadPoolTaskExecutor  : Initializing ExecutorService 'applicationTaskExecutor'
2024-03-08 08:48:37.545  WARN 17588 --- [main] aWebConfiguration$JpaWebMvcConfiguration : spring.jpa.open-in-view is enabled by default. Therefore, database queries may be performed during view rendering. Explicitly configure spring.jpa.open-in-view to disable this warning
2024-03-08 08:48:38.519  INFO 17588 --- [main] o.s.b.w.embedded.tomcat.TomcatWebServer  : Tomcat started on port(s): 4343 (http) with context path ''
2024-03-08 08:48:38.530  INFO 17588 --- [main] c.p.NotificationServiceApplication       : Started NotificationServiceApplication in 18.595 seconds (JVM running for 20.093)
